Warning: ignoring unsupported tag `ALLOW_UNICODE_NAMES    =' at line 79, file /home/travis/build/shurunxuan/IGME750-DSEngine/Doxyfile
Warning: ignoring unsupported tag `OUTPUT_TEXT_DIRECTION  =' at line 102, file /home/travis/build/shurunxuan/IGME750-DSEngine/Doxyfile
Warning: ignoring unsupported tag `OPTIMIZE_OUTPUT_SLICE  =' at line 296, file /home/travis/build/shurunxuan/IGME750-DSEngine/Doxyfile
Warning: ignoring unsupported tag `TOC_INCLUDE_HEADINGS   =' at line 335, file /home/travis/build/shurunxuan/IGME750-DSEngine/Doxyfile
Warning: ignoring unsupported tag `GROUP_NESTED_COMPOUNDS =' at line 392, file /home/travis/build/shurunxuan/IGME750-DSEngine/Doxyfile
Warning: ignoring unsupported tag `HIDE_COMPOUND_REFERENCE=' at line 563, file /home/travis/build/shurunxuan/IGME750-DSEngine/Doxyfile
Warning: ignoring unsupported tag `WARN_AS_ERROR          =' at line 788, file /home/travis/build/shurunxuan/IGME750-DSEngine/Doxyfile
Warning: Tag `CLANG_ASSISTED_PARSING' at line 1067 of file /home/travis/build/shurunxuan/IGME750-DSEngine/Doxyfile belongs to an option that was not enabled at compile time.
To avoid this warning please remove this line from your configuration file, upgrade it using "doxygen -u", or recompile doxygen with this feature enabled.
Warning: Tag `CLANG_OPTIONS' at line 1075 of file /home/travis/build/shurunxuan/IGME750-DSEngine/Doxyfile belongs to an option that was not enabled at compile time.
To avoid this warning please remove this line from your configuration file, upgrade it using "doxygen -u", or recompile doxygen with this feature enabled.
Warning: ignoring unsupported tag `CLANG_DATABASE_PATH    =' at line 1085, file /home/travis/build/shurunxuan/IGME750-DSEngine/Doxyfile
Warning: ignoring unsupported tag `HTML_DYNAMIC_MENUS     =' at line 1250, file /home/travis/build/shurunxuan/IGME750-DSEngine/Doxyfile
Warning: ignoring unsupported tag `LATEX_MAKEINDEX_CMD    =' at line 1714, file /home/travis/build/shurunxuan/IGME750-DSEngine/Doxyfile
Warning: ignoring unsupported tag `LATEX_EXTRA_STYLESHEET =' at line 1781, file /home/travis/build/shurunxuan/IGME750-DSEngine/Doxyfile
Warning: ignoring unsupported tag `LATEX_TIMESTAMP        =' at line 1848, file /home/travis/build/shurunxuan/IGME750-DSEngine/Doxyfile
Warning: ignoring unsupported tag `LATEX_EMOJI_DIRECTORY  =' at line 1856, file /home/travis/build/shurunxuan/IGME750-DSEngine/Doxyfile
Warning: ignoring unsupported tag `RTF_SOURCE_CODE        =' at line 1922, file /home/travis/build/shurunxuan/IGME750-DSEngine/Doxyfile
Warning: ignoring unsupported tag `MAN_SUBDIR             =' at line 1957, file /home/travis/build/shurunxuan/IGME750-DSEngine/Doxyfile
Warning: ignoring unsupported tag `XML_NS_MEMB_FILE_SCOPE =' at line 2000, file /home/travis/build/shurunxuan/IGME750-DSEngine/Doxyfile
Warning: ignoring unsupported tag `DOCBOOK_PROGRAMLISTING =' at line 2027, file /home/travis/build/shurunxuan/IGME750-DSEngine/Doxyfile
Warning: ignoring unsupported tag `PLANTUML_JAR_PATH      =' at line 2463, file /home/travis/build/shurunxuan/IGME750-DSEngine/Doxyfile
Warning: ignoring unsupported tag `PLANTUML_CFG_FILE      =' at line 2468, file /home/travis/build/shurunxuan/IGME750-DSEngine/Doxyfile
Warning: ignoring unsupported tag `PLANTUML_INCLUDE_PATH  =' at line 2473, file /home/travis/build/shurunxuan/IGME750-DSEngine/Doxyfile
Searching for include files...
Searching for example files...
Searching for images...
Searching for dot files...
Searching for msc files...
Searching for dia files...
Searching for files to exclude
Searching for files to process...
Searching for files in directory /home/travis/build/shurunxuan/IGME750-DSEngine/src/DSEngine
Searching for files in directory /home/travis/build/shurunxuan/IGME750-DSEngine/src/DSEngine/DSEngineCore
Searching for files in directory /home/travis/build/shurunxuan/IGME750-DSEngine/src/DSEngine/DSEngineFramework
Searching for files in directory /home/travis/build/shurunxuan/IGME750-DSEngine/src/DSEngine/DSEngineSystem
Searching for files in directory /home/travis/build/shurunxuan/IGME750-DSEngine/src/DSEngine/DSEngineTestProject
Searching for files in directory /home/travis/build/shurunxuan/IGME750-DSEngine/src/DSEngine/RacingGame
Searching for files in directory /home/travis/build/shurunxuan/IGME750-DSEngine/src/DSEngine/Tower
Reading and parsing tag files
Parsing files
Preprocessing /home/travis/build/shurunxuan/IGME750-DSEngine/src/DSEngine/DSEngineCore/AudioListener.hpp...
Parsing file /home/travis/build/shurunxuan/IGME750-DSEngine/src/DSEngine/DSEngineCore/AudioListener.hpp...
Preprocessing /home/travis/build/shurunxuan/IGME750-DSEngine/src/DSEngine/DSEngineCore/AudioSource.hpp...
Parsing file /home/travis/build/shurunxuan/IGME750-DSEngine/src/DSEngine/DSEngineCore/AudioSource.hpp...
Preprocessing /home/travis/build/shurunxuan/IGME750-DSEngine/src/DSEngine/DSEngineCore/Camera.hpp...
Parsing file /home/travis/build/shurunxuan/IGME750-DSEngine/src/DSEngine/DSEngineCore/Camera.hpp...
Preprocessing /home/travis/build/shurunxuan/IGME750-DSEngine/src/DSEngine/DSEngineCore/Component.hpp...
Parsing file /home/travis/build/shurunxuan/IGME750-DSEngine/src/DSEngine/DSEngineCore/Component.hpp...
Preprocessing /home/travis/build/shurunxuan/IGME750-DSEngine/src/DSEngine/DSEngineCore/Light.hpp...
Parsing file /home/travis/build/shurunxuan/IGME750-DSEngine/src/DSEngine/DSEngineCore/Light.hpp...
Preprocessing /home/travis/build/shurunxuan/IGME750-DSEngine/src/DSEngine/DSEngineCore/Material.hpp...
Parsing file /home/travis/build/shurunxuan/IGME750-DSEngine/src/DSEngine/DSEngineCore/Material.hpp...
Preprocessing /home/travis/build/shurunxuan/IGME750-DSEngine/src/DSEngine/DSEngineCore/Mesh.hpp...
Parsing file /home/travis/build/shurunxuan/IGME750-DSEngine/src/DSEngine/DSEngineCore/Mesh.hpp...
Preprocessing /home/travis/build/shurunxuan/IGME750-DSEngine/src/DSEngine/DSEngineCore/MeshRenderer.hpp...
Parsing file /home/travis/build/shurunxuan/IGME750-DSEngine/src/DSEngine/DSEngineCore/MeshRenderer.hpp...
Preprocessing /home/travis/build/shurunxuan/IGME750-DSEngine/src/DSEngine/DSEngineCore/Object.hpp...
Parsing file /home/travis/build/shurunxuan/IGME750-DSEngine/src/DSEngine/DSEngineCore/Object.hpp...
Preprocessing /home/travis/build/shurunxuan/IGME750-DSEngine/src/DSEngine/DSEngineCore/PBRMaterial.hpp...
Parsing file /home/travis/build/shurunxuan/IGME750-DSEngine/src/DSEngine/DSEngineCore/PBRMaterial.hpp...
Preprocessing /home/travis/build/shurunxuan/IGME750-DSEngine/src/DSEngine/DSEngineCore/PostProcessingMaterial.hpp...
Parsing file /home/travis/build/shurunxuan/IGME750-DSEngine/src/DSEngine/DSEngineCore/PostProcessingMaterial.hpp...
Preprocessing /home/travis/build/shurunxuan/IGME750-DSEngine/src/DSEngine/DSEngineCore/Scene.hpp...
Parsing file /home/travis/build/shurunxuan/IGME750-DSEngine/src/DSEngine/DSEngineCore/Scene.hpp...
Preprocessing /home/travis/build/shurunxuan/IGME750-DSEngine/src/DSEngine/DSEngineCore/Skybox.hpp...
Parsing file /home/travis/build/shurunxuan/IGME750-DSEngine/src/DSEngine/DSEngineCore/Skybox.hpp...
Preprocessing /home/travis/build/shurunxuan/IGME750-DSEngine/src/DSEngine/DSEngineCore/Transform.hpp...
Parsing file /home/travis/build/shurunxuan/IGME750-DSEngine/src/DSEngine/DSEngineCore/Transform.hpp...
Preprocessing /home/travis/build/shurunxuan/IGME750-DSEngine/src/DSEngine/DSEngineFramework/DSFDirect3D.h...
Parsing file /home/travis/build/shurunxuan/IGME750-DSEngine/src/DSEngine/DSEngineFramework/DSFDirect3D.h...
Preprocessing /home/travis/build/shurunxuan/IGME750-DSEngine/src/DSEngine/DSEngineFramework/DSFFFmpeg.h...
Parsing file /home/travis/build/shurunxuan/IGME750-DSEngine/src/DSEngine/DSEngineFramework/DSFFFmpeg.h...
Preprocessing /home/travis/build/shurunxuan/IGME750-DSEngine/src/DSEngine/DSEngineFramework/DSFLogging.h...
Parsing file /home/travis/build/shurunxuan/IGME750-DSEngine/src/DSEngine/DSEngineFramework/DSFLogging.h...
Preprocessing /home/travis/build/shurunxuan/IGME750-DSEngine/src/DSEngine/DSEngineFramework/DSFRawInput.h...
Parsing file /home/travis/build/shurunxuan/IGME750-DSEngine/src/DSEngine/DSEngineFramework/DSFRawInput.h...
Preprocessing /home/travis/build/shurunxuan/IGME750-DSEngine/src/DSEngine/DSEngineFramework/DSFThreadPool.h...
Parsing file /home/travis/build/shurunxuan/IGME750-DSEngine/src/DSEngine/DSEngineFramework/DSFThreadPool.h...
Preprocessing /home/travis/build/shurunxuan/IGME750-DSEngine/src/DSEngine/DSEngineFramework/DSFXAudio2.h...
Parsing file /home/travis/build/shurunxuan/IGME750-DSEngine/src/DSEngine/DSEngineFramework/DSFXAudio2.h...
Preprocessing /home/travis/build/shurunxuan/IGME750-DSEngine/src/DSEngine/DSEngineFramework/DSFXInput.h...
Parsing file /home/travis/build/shurunxuan/IGME750-DSEngine/src/DSEngine/DSEngineFramework/DSFXInput.h...
Preprocessing /home/travis/build/shurunxuan/IGME750-DSEngine/src/DSEngine/DSEngineSystem/DSEngine.h...
Parsing file /home/travis/build/shurunxuan/IGME750-DSEngine/src/DSEngine/DSEngineSystem/DSEngine.h...
Preprocessing /home/travis/build/shurunxuan/IGME750-DSEngine/src/DSEngine/DSEngineSystem/DSEngineApp.h...
Parsing file /home/travis/build/shurunxuan/IGME750-DSEngine/src/DSEngine/DSEngineSystem/DSEngineApp.h...
Preprocessing /home/travis/build/shurunxuan/IGME750-DSEngine/src/DSEngine/DSEngineSystem/DSSAudio.h...
Parsing file /home/travis/build/shurunxuan/IGME750-DSEngine/src/DSEngine/DSEngineSystem/DSSAudio.h...
Preprocessing /home/travis/build/shurunxuan/IGME750-DSEngine/src/DSEngine/DSEngineSystem/DSSEvent.h...
Parsing file /home/travis/build/shurunxuan/IGME750-DSEngine/src/DSEngine/DSEngineSystem/DSSEvent.h...
Preprocessing /home/travis/build/shurunxuan/IGME750-DSEngine/src/DSEngine/DSEngineSystem/DSSEventSystem.h...
Parsing file /home/travis/build/shurunxuan/IGME750-DSEngine/src/DSEngine/DSEngineSystem/DSSEventSystem.h...
Preprocessing /home/travis/build/shurunxuan/IGME750-DSEngine/src/DSEngine/DSEngineSystem/DSSHandlerFunctionBase.h...
Parsing file /home/travis/build/shurunxuan/IGME750-DSEngine/src/DSEngine/DSEngineSystem/DSSHandlerFunctionBase.h...
Preprocessing /home/travis/build/shurunxuan/IGME750-DSEngine/src/DSEngine/DSEngineSystem/DSSInput.h...
Parsing file /home/travis/build/shurunxuan/IGME750-DSEngine/src/DSEngine/DSEngineSystem/DSSInput.h...
Preprocessing /home/travis/build/shurunxuan/IGME750-DSEngine/src/DSEngine/DSEngineSystem/DSSMemberFunctionHandler.h...
Parsing file /home/travis/build/shurunxuan/IGME750-DSEngine/src/DSEngine/DSEngineSystem/DSSMemberFunctionHandler.h...
Preprocessing /home/travis/build/shurunxuan/IGME750-DSEngine/src/DSEngine/DSEngineSystem/DSSRendering.h...
Parsing file /home/travis/build/shurunxuan/IGME750-DSEngine/src/DSEngine/DSEngineSystem/DSSRendering.h...
Preprocessing /home/travis/build/shurunxuan/IGME750-DSEngine/src/DSEngine/DSEngineTestProject/CameraController.h...
Parsing file /home/travis/build/shurunxuan/IGME750-DSEngine/src/DSEngine/DSEngineTestProject/CameraController.h...
Preprocessing /home/travis/build/shurunxuan/IGME750-DSEngine/src/DSEngine/DSEngineTestProject/MoveParentObject.h...
Parsing file /home/travis/build/shurunxuan/IGME750-DSEngine/src/DSEngine/DSEngineTestProject/MoveParentObject.h...
Preprocessing /home/travis/build/shurunxuan/IGME750-DSEngine/src/DSEngine/DSEngineTestProject/PPDarkCornerMaterial.h...
Parsing file /home/travis/build/shurunxuan/IGME750-DSEngine/src/DSEngine/DSEngineTestProject/PPDarkCornerMaterial.h...
Preprocessing /home/travis/build/shurunxuan/IGME750-DSEngine/src/DSEngine/DSEngineTestProject/PPGaussianBlurMaterial.h...
Parsing file /home/travis/build/shurunxuan/IGME750-DSEngine/src/DSEngine/DSEngineTestProject/PPGaussianBlurMaterial.h...
Preprocessing /home/travis/build/shurunxuan/IGME750-DSEngine/src/DSEngine/DSEngineTestProject/PressSpaceToPlayAudio.h...
Parsing file /home/travis/build/shurunxuan/IGME750-DSEngine/src/DSEngine/DSEngineTestProject/PressSpaceToPlayAudio.h...
Preprocessing /home/travis/build/shurunxuan/IGME750-DSEngine/src/DSEngine/DSEngineTestProject/TestGameApp.h...
Parsing file /home/travis/build/shurunxuan/IGME750-DSEngine/src/DSEngine/DSEngineTestProject/TestGameApp.h...
Preprocessing /home/travis/build/shurunxuan/IGME750-DSEngine/src/DSEngine/RacingGame/RacingGameApp.h...
Parsing file /home/travis/build/shurunxuan/IGME750-DSEngine/src/DSEngine/RacingGame/RacingGameApp.h...
Preprocessing /home/travis/build/shurunxuan/IGME750-DSEngine/src/DSEngine/Tower/BoardColum.h...
Parsing file /home/travis/build/shurunxuan/IGME750-DSEngine/src/DSEngine/Tower/BoardColum.h...
Preprocessing /home/travis/build/shurunxuan/IGME750-DSEngine/src/DSEngine/Tower/BoardManager.h...
Parsing file /home/travis/build/shurunxuan/IGME750-DSEngine/src/DSEngine/Tower/BoardManager.h...
Preprocessing /home/travis/build/shurunxuan/IGME750-DSEngine/src/DSEngine/Tower/Brick.h...
Parsing file /home/travis/build/shurunxuan/IGME750-DSEngine/src/DSEngine/Tower/Brick.h...
Preprocessing /home/travis/build/shurunxuan/IGME750-DSEngine/src/DSEngine/Tower/BrickDeck.h...
Parsing file /home/travis/build/shurunxuan/IGME750-DSEngine/src/DSEngine/Tower/BrickDeck.h...
Preprocessing /home/travis/build/shurunxuan/IGME750-DSEngine/src/DSEngine/Tower/ChangeBrickMaterial.h...
Parsing file /home/travis/build/shurunxuan/IGME750-DSEngine/src/DSEngine/Tower/ChangeBrickMaterial.h...
Preprocessing /home/travis/build/shurunxuan/IGME750-DSEngine/src/DSEngine/Tower/CSVReader.h...
Parsing file /home/travis/build/shurunxuan/IGME750-DSEngine/src/DSEngine/Tower/CSVReader.h...
Preprocessing /home/travis/build/shurunxuan/IGME750-DSEngine/src/DSEngine/Tower/FreeCam.h...
Parsing file /home/travis/build/shurunxuan/IGME750-DSEngine/src/DSEngine/Tower/FreeCam.h...
Preprocessing /home/travis/build/shurunxuan/IGME750-DSEngine/src/DSEngine/Tower/GameManager.h...
Parsing file /home/travis/build/shurunxuan/IGME750-DSEngine/src/DSEngine/Tower/GameManager.h...
Preprocessing /home/travis/build/shurunxuan/IGME750-DSEngine/src/DSEngine/Tower/InputManager.h...
Parsing file /home/travis/build/shurunxuan/IGME750-DSEngine/src/DSEngine/Tower/InputManager.h...
Preprocessing /home/travis/build/shurunxuan/IGME750-DSEngine/src/DSEngine/Tower/MoveObject.h...
Parsing file /home/travis/build/shurunxuan/IGME750-DSEngine/src/DSEngine/Tower/MoveObject.h...
Preprocessing /home/travis/build/shurunxuan/IGME750-DSEngine/src/DSEngine/Tower/PlayerManager.h...
Parsing file /home/travis/build/shurunxuan/IGME750-DSEngine/src/DSEngine/Tower/PlayerManager.h...
Preprocessing /home/travis/build/shurunxuan/IGME750-DSEngine/src/DSEngine/Tower/TaskCard.h...
Parsing file /home/travis/build/shurunxuan/IGME750-DSEngine/src/DSEngine/Tower/TaskCard.h...
Preprocessing /home/travis/build/shurunxuan/IGME750-DSEngine/src/DSEngine/Tower/TaskCardGenerator.h...
Parsing file /home/travis/build/shurunxuan/IGME750-DSEngine/src/DSEngine/Tower/TaskCardGenerator.h...
Preprocessing /home/travis/build/shurunxuan/IGME750-DSEngine/src/DSEngine/Tower/TaskDeck.h...
Parsing file /home/travis/build/shurunxuan/IGME750-DSEngine/src/DSEngine/Tower/TaskDeck.h...
Preprocessing /home/travis/build/shurunxuan/IGME750-DSEngine/src/DSEngine/Tower/TowerGameApp.h...
Parsing file /home/travis/build/shurunxuan/IGME750-DSEngine/src/DSEngine/Tower/TowerGameApp.h...
Preprocessing /home/travis/build/shurunxuan/IGME750-DSEngine/src/DSEngine/Tower/UnlitMaterial.h...
Parsing file /home/travis/build/shurunxuan/IGME750-DSEngine/src/DSEngine/Tower/UnlitMaterial.h...
Building group list...
Building directory list...
Building namespace list...
Building file list...
Building class list...
Associating documentation with classes...
Computing nesting relations for classes...
Building example list...
Searc/home/travis/build/shurunxuan/IGME750-DSEngine/src/DSEngine/Tower/BoardColum.h:7: warning: Compound BoardColum is not documented.
/home/travis/build/shurunxuan/IGME750-DSEngine/src/DSEngine/Tower/TaskDeck.h:5: warning: Compound TaskDeck is not documented.
/home/travis/build/shurunxuan/IGME750-DSEngine/src/DSEngine/DSEngineTestProject/PPDarkCornerMaterial.h:6: warning: Compound PPDarkCornerMaterial is not documented.
/home/travis/build/shurunxuan/IGME750-DSEngine/src/DSEngine/DSEngineTestProject/PPDarkCornerMaterial.h:13: warning: Compound PPDarkCornerMaterial::DarkCornerParameters is not documented.
/home/travis/build/shurunxuan/IGME750-DSEngine/src/DSEngine/Tower/BrickDeck.h:7: warning: Compound BrickDeck is not documented.
/home/travis/build/shurunxuan/IGME750-DSEngine/src/DSEngine/Tower/ChangeBrickMaterial.h:8: warning: Compound ChangeBrickMaterial is not documented.
/home/travis/build/shurunxuan/IGME750-DSEngine/src/DSEngine/Tower/CSVReader.h:26: warning: Compound CSVReader is not documented.
/home/travis/build/shurunxuan/IGME750-DSEngine/src/DSEngine/RacingGame/RacingGameApp.h:6: warning: Compound RacingGameApp is not documented.
/home/travis/build/shurunxuan/IGME750-DSEngine/src/DSEngine/Tower/TaskCardGenerator.h:8: warning: Compound TaskCardGenerator is not documented.
/home/travis/build/shurunxuan/IGME750-DSEngine/src/DSEngine/DSEngineTestProject/PPGaussianBlurMaterial.h:6: warning: Compound PPGaussianBlurMaterial is not documented.
/home/travis/build/shurunxuan/IGME750-DSEngine/src/DSEngine/Tower/TowerGameApp.h:12: warning: Compound TowerGameApp is not documented.
/home/travis/build/shurunxuan/IGME750-DSEngine/src/DSEngine/Tower/InputManager.h:6: warning: Compound InputManager is not documented.
/home/travis/build/shurunxuan/IGME750-DSEngine/src/DSEngine/Tower/FreeCam.h:6: warning: Compound FreeCam is not documented.
/home/travis/build/shurunxuan/IGME750-DSEngine/src/DSEngine/Tower/BoardManager.h:11: warning: Compound BoardManager is not documented.
/home/travis/build/shurunxuan/IGME750-DSEngine/src/DSEngine/Tower/UnlitMaterial.h:13: warning: Compound UnlitMaterial::UnlitMaterialStruct is not documented.
/home/travis/build/shurunxuan/IGME750-DSEngine/src/DSEngine/Tower/TaskCard.h:5: warning: Compound TaskCard is not documented.
/home/travis/build/shurunxuan/IGME750-DSEngine/src/DSEngine/Tower/GameManager.h:16: warning: Compound GameManager is not documented.
/home/travis/build/shurunxuan/IGME750-DSEngine/src/DSEngine/Tower/MoveObject.h:6: warning: Compound MoveObject is not documented.
/home/travis/build/shurunxuan/IGME750-DSEngine/src/DSEngine/Tower/CSVReader.h:19: warning: Compound TaskCardData is not documented.
/home/travis/build/shurunxuan/IGME750-DSEngine/src/DSEngine/Tower/PlayerManager.h:9: warning: Compound PlayerManager is not documented.
/home/travis/build/shurunxuan/IGME750-DSEngine/src/DSEngine/Tower/BoardManager.h:6: warning: Compound BrickMatrix is not documented.
/home/travis/build/shurunxuan/IGME750-DSEngine/src/DSEngine/Tower/Brick.h:14: warning: Compound Brick is not documented.
/home/travis/build/shurunxuan/IGME750-DSEngine/src/DSEngine/Tower/UnlitMaterial.h:6: warning: Compound UnlitMaterial is not documented.
/home/travis/build/shurunxuan/IGME750-DSEngine/src/DSEngine/DSEngineCore/Light.hpp:21: warning: Member LIGHT_TYPE_DIR (macro definition) of file Light.hpp is not documented.
/home/travis/build/shurunxuan/IGME750-DSEngine/src/DSEngine/DSEngineCore/Light.hpp:22: warning: Member LIGHT_TYPE_POINT (macro definition) of file Light.hpp is not documented.
/home/travis/build/shurunxuan/IGME750-DSEngine/src/DSEngine/DSEngineCore/Light.hpp:23: warning: Member LIGHT_TYPE_SPOT (macro definition) of file Light.hpp is not documented.
/home/travis/build/shurunxuan/IGME750-DSEngine/src/DSEngine/DSEngineCore/Light.hpp:25: warning: Member PCF_BLUR_COUNT (macro definition) of file Light.hpp is not documented.
/home/travis/build/shurunxuan/IGME750-DSEngine/src/DSEngine/DSEngineCore/Light.hpp:683: warning: Member DirectionalLight(DirectX::XMFLOAT3 color, DirectX::XMFLOAT3 direction, float intensity, DirectX::XMFLOAT3 ambientColor) (function) of file Light.hpp is not documented.
/home/travis/build/shurunxuan/IGME750-DSEngine/src/DSEngine/DSEngineCore/Light.hpp:694: warning: Member PointLight(DirectX::XMFLOAT3 color, DirectX::XMFLOAT3 position, float range, float intensity) (function) of file Light.hpp is not documented.
/home/travis/build/shurunxuan/IGME750-DSEngine/src/DSEngine/DSEngineCore/Light.hpp:705: warning: Member SpotLight(DirectX::XMFLOAT3 color, DirectX::XMFLOAT3 position, DirectX::XMFLOAT3 direction, float range, float spotFalloff, float intensity) (function) of file Light.hpp is not documented.
/home/travis/build/shurunxuan/IGME750-DSEngine/src/DSEngine/DSEngineFramework/DSFDirect3D.h:27: warning: Member SAFE_RELEASE(x) (macro definition) of file DSFDirect3D.h is not documented.
/home/travis/build/shurunxuan/IGME750-DSEngine/src/DSEngine/DSEngineFramework/DSFDirect3D.h:36: warning: Member DSENGINEFRAMEWORK_API (macro definition) of file DSFDirect3D.h is not documented.
/home/travis/build/shurunxuan/IGME750-DSEngine/src/DSEngine/DSEngineFramework/DSFFFmpeg.h:24: warning: Member DSENGINEFRAMEWORK_API (macro definition) of file DSFFFmpeg.h is not documented.
/home/travis/build/shurunxuan/IGME750-DSEngine/src/DSEngine/DSEngineFramework/DSFLogging.h:34: warning: Member DSENGINEFRAMEWORK_API (macro definition) of file DSFLogging.h is not documented.
/home/travis/build/shurunxuan/IGME750-DSEngine/src/DSEngine/DSEngineFramework/DSFLogging.h:39: warning: Member LOG_LOGGER(logger, sev) (macro definition) of file DSFLogging.h is not documented.
/home/travis/build/shurunxuan/IGME750-DSEngine/src/DSEngine/DSEngineFramework/DSFLogging.h:44: warning: Member LOG(sev) (macro definition) of file DSFLogging.h is not documented.
/home/travis/build/shurunxuan/IGME750-DSEngine/src/DSEngine/DSEngineFramework/DSFLogging.h:46: warning: Member LOG_TRACE (macro definition) of file DSFLogging.h is not documented.
/home/travis/build/shurunxuan/IGME750-DSEngine/src/DSEngine/DSEngineFramework/DSFLogging.h:47: warning: Member LOG_DEBUG (macro definition) of file DSFLogging.h is not documented.
/home/travis/build/shurunxuan/IGME750-DSEngine/src/DSEngine/DSEngineFramework/DSFLogging.h:48: warning: Member LOG_INFO (macro definition) of file DSFLogging.h is not documented.
/home/travis/build/shurunxuan/IGME750-DSEngine/src/DSEngine/DSEngineFramework/DSFLogging.h:49: warning: Member LOG_WARNING (macro definition) of file DSFLogging.h is not documented.
/home/travis/build/shurunxuan/IGME750-DSEngine/src/DSEngine/DSEngineFramework/DSFLogging.h:50: warning: Member LOG_ERROR (macro definition) of file DSFLogging.h is not documented.
/home/travis/build/shurunxuan/IGME750-DSEngine/src/DSEngine/DSEngineFramework/DSFLogging.h:51: warning: Member LOG_FATAL (macro definition) of file DSFLogging.h is not documented.
/home/travis/build/shurunxuan/IGME750-DSEngine/src/DSEngine/DSEngineFramework/DSFRawInput.h:21: warning: Member DSENGINEFRAMEWORK_API (macro definition) of file DSFRawInput.h is not documented.
/home/travis/build/shurunxuan/IGME750-DSEngine/src/DSEngine/DSEngineFramework/DSFXAudio2.h:23: warning: Member SAFE_RELEASE(x) (macro definition) of file DSFXAudio2.h is not documented.
/home/travis/build/shurunxuan/IGME750-DSEngine/src/DSEngine/DSEngineFramework/DSFXAudio2.h:32: warning: Member DSENGINEFRAMEWORK_API (macro definition) of file DSFXAudio2.h is not documented.
/home/travis/build/shurunxuan/IGME750-DSEngine/src/DSEngine/DSEngineFramework/DSFXInput.h:25: warning: Member DSENGINEFRAMEWORK_API (macro definition) of file DSFXInput.h is not documented.
/home/travis/build/shurunxuan/IGME750-DSEngine/src/DSEngine/DSEngineSystem/DSEngine.h:20: warning: Member DSENGINESYSTEM_API (macro definition) of file DSEngine.h is not documented.
/home/travis/build/shurunxuan/IGME750-DSEngine/src/DSEngine/DSEngineSystem/DSEngineApp.h:15: warning: Member DSENGINESYSTEM_API (macro definition) of file DSEngineApp.h is not documented.
hing for enumerations...
Searching for documented typedefs...
Searching for members imported via using declarations...
Searching for included using directives...
Searching for documented variables...
Building interface member list...
Building member list...
Searching for friends...
Searching for documented defines...
Computing class inheritance relations...
Computing class usage relations...
Flushing cached template relations that have become invalid...
Creating members for template instances...
Computing class relations...
Add enum values to enums...
Searching for member function documentation...
Building page list...
Search for main page...
Computing page relations...
Determining the scope of groups...
Sorting lists...
Freeing entry tree
Determining which enums are documented
Computing member relations...
Building full member lists recursively...
Adding members to member groups.
Computing member references...
Inheriting documentation...
Generating disk names...
Adding source references...
Adding xrefitems...
Sorting member lists...
Computing dependencies between directories...
Generating citations page...
Counting data structures...
Resolving user defined references...
Finding anchors and sections in the documentation...
Transferring function references...
Combining using relations...
Adding members to index pages...
Generating style sheet...
Generating search indices...
Generating example documentation...
Generating file sources...
Generating file documentation...
Generating docs for file /home/travis/build/shurunxuan/IGME750-DSEngine/src/DSEngine/DSEngineCore/AudioListener.hpp...
Generating docs for file /home/travis/build/shurunxuan/IGME750-DSEngine/src/DSEngine/DSEngineCore/AudioSource.hpp...
Generating docs for file /home/travis/build/shurunxuan/IGME750-DSEngine/src/DSEngine/DSEngineCore/Camera.hpp...
Generating docs for file /home/travis/build/shurunxuan/IGME750-DSEngine/src/DSEngine/DSEngineCore/Component.hpp...
Generating docs for file /home/travis/build/shurunxuan/IGME750-DSEngine/src/DSEngine/DSEngineCore/Light.hpp...
Generating docs for file /home/travis/build/shurunxuan/IGME750-DSEngine/src/DSEngine/DSEngineCore/Material.hpp...
Generating docs for file /home/travis/build/shurunxuan/IGME750-DSEngine/src/DSEngine/DSEngineCore/Mesh.hpp...
Generating docs for file /home/travis/build/shurunxuan/IGME750-DSEngine/src/DSEngine/DSEngineCore/MeshRenderer.hpp...
Generating docs for file /home/travis/build/shurunxuan/IGME750-DSEngine/src/DSEngine/DSEngineCore/Object.hpp...
Generating docs for file /home/travis/build/shurunxuan/IGME750-DSEngine/src/DSEngine/DSEngineCore/PBRMaterial.hpp...
Generating docs for file /home/travis/build/shurunxuan/IGME750-DSEngine/src/DSEngine/DSEngineCore/PostProcessingMaterial.hpp...
Generating docs for file /home/travis/build/shurunxuan/IGME750-DSEngine/src/DSEngine/DSEngineCore/Scene.hpp...
Generating docs for file /home/travis/build/shurunxuan/IGME750-DSEngine/src/DSEngine/DSEngineCore/Skybox.hpp...
Generating docs for file /home/travis/build/shurunxuan/IGME750-DSEngine/src/DSEngine/DSEngineCore/Transform.hpp...
Generating docs for file /home/travis/build/shurunxuan/IGME750-DSEngine/src/DSEngine/DSEngineFramework/DSFDirect3D.h...
Generating docs for file /home/travis/build/shurunxuan/IGME750-DSEngine/src/DSEngine/DSEngineFramework/DSFFFmpeg.h...
Generating docs for file /home/travis/build/shurunxuan/IGME750-DSEngine/src/DSEngine/DSEngineFramework/DSFLogging.h...
Generating docs for file /home/travis/build/shurunxuan/IGME750-DSEngine/src/DSEngine/DSEngineFramework/DSFRawInput.h...
Generating docs for file /home/travis/build/shurunxuan/IGME750-DSEngine/src/DSEngine/DSEngineFramework/DSFXAudio2.h...
Generating docs for file /home/travis/build/shurunxuan/IGME750-DSEngine/src/DSEngine/DSEngineFramework/DSFXInput.h...
Generating docs for file /home/travis/build/shurunxuan/IGME750-DSEngine/src/DSEngine/DSEngineSystem/DSEngine.h...
Generating docs for file /home/travis/build/shurunxuan/IGME750-DSEngine/src/DSEngine/DSEngineSystem/DSEngineApp.h...
Generating docs for file /home/travis/build/shur/home/travis/build/shurunxuan/IGME750-DSEngine/src/DSEngine/DSEngineSystem/DSSAudio.h:19: warning: Member DSENGINESYSTEM_API (macro definition) of file DSSAudio.h is not documented.
/home/travis/build/shurunxuan/IGME750-DSEngine/src/DSEngine/DSEngineSystem/DSSInput.h:19: warning: Member DSENGINESYSTEM_API (macro definition) of file DSSInput.h is not documented.
/home/travis/build/shurunxuan/IGME750-DSEngine/src/DSEngine/DSEngineSystem/DSSInput.h:30: warning: Member Button (variable) of file DSSInput.h is not documented.
/home/travis/build/shurunxuan/IGME750-DSEngine/src/DSEngine/DSEngineSystem/DSSInput.h:31: warning: Member Movement (variable) of file DSSInput.h is not documented.
/home/travis/build/shurunxuan/IGME750-DSEngine/src/DSEngine/DSEngineSystem/DSSInput.h:41: warning: Member MouseX (variable) of file DSSInput.h is not documented.
/home/travis/build/shurunxuan/IGME750-DSEngine/src/DSEngine/DSEngineSystem/DSSInput.h:42: warning: Member MouseY (variable) of file DSSInput.h is not documented.
/home/travis/build/shurunxuan/IGME750-DSEngine/src/DSEngine/DSEngineSystem/DSSInput.h:43: warning: Member MouseWheel (variable) of file DSSInput.h is not documented.
/home/travis/build/shurunxuan/IGME750-DSEngine/src/DSEngine/DSEngineSystem/DSSInput.h:44: warning: Member JoystickLT (variable) of file DSSInput.h is not documented.
/home/travis/build/shurunxuan/IGME750-DSEngine/src/DSEngine/DSEngineSystem/DSSInput.h:45: warning: Member JoystickRT (variable) of file DSSInput.h is not documented.
/home/travis/build/shurunxuan/IGME750-DSEngine/src/DSEngine/DSEngineSystem/DSSInput.h:46: warning: Member JoystickLX (variable) of file DSSInput.h is not documented.
/home/travis/build/shurunxuan/IGME750-DSEngine/src/DSEngine/DSEngineSystem/DSSInput.h:47: warning: Member JoystickLY (variable) of file DSSInput.h is not documented.
/home/travis/build/shurunxuan/IGME750-DSEngine/src/DSEngine/DSEngineSystem/DSSInput.h:48: warning: Member JoystickRX (variable) of file DSSInput.h is not documented.
/home/travis/build/shurunxuan/IGME750-DSEngine/src/DSEngine/DSEngineSystem/DSSInput.h:49: warning: Member JoystickRY (variable) of file DSSInput.h is not documented.
/home/travis/build/shurunxuan/IGME750-DSEngine/src/DSEngine/DSEngineSystem/DSSRendering.h:15: warning: Member DSENGINESYSTEM_API (macro definition) of file DSSRendering.h is not documented.
/home/travis/build/shurunxuan/IGME750-DSEngine/src/DSEngine/Tower/BoardColum.h:9: warning: Member BoardColum(Object *owner) (function) of class BoardColum is not documented.
/home/travis/build/shurunxuan/IGME750-DSEngine/src/DSEngine/Tower/BoardColum.h:21: warning: Member PlaceBrick(Brick *brick) (function) of class BoardColum is not documented.
/home/travis/build/shurunxuan/IGME750-DSEngine/src/DSEngine/Tower/BoardColum.h:15: warning: Member index (variable) of class BoardColum is not documented.
/home/travis/build/shurunxuan/IGME750-DSEngine/src/DSEngine/Tower/BoardColum.h:16: warning: Member isFull (variable) of class BoardColum is not documented.
/home/travis/build/shurunxuan/IGME750-DSEngine/src/DSEngine/Tower/BoardColum.h:18: warning: Member bricks (variable) of class BoardColum is not documented.
/home/travis/build/shurunxuan/IGME750-DSEngine/src/DSEngine/Tower/BoardColum.h:19: warning: Member brickCount (variable) of class BoardColum is not documented.
/home/travis/build/shurunxuan/IGME750-DSEngine/src/DSEngine/Tower/BoardManager.h:22: warning: Member PlaceBrickAt(Brick *brick, BoardColum *colum) (function) of class BoardManager is not documented.
/home/travis/build/shurunxuan/IGME750-DSEngine/src/DSEngine/Tower/BoardManager.h:23: warning: Member GetBrickMatrices(TaskCard task) (function) of class BoardManager is not documented.
/home/travis/build/shurunxuan/IGME750-DSEngine/src/DSEngine/Tower/BoardManager.h:24: warning: Member GetBrickAt(int r, int c) (function) of class BoardManager is not documented.
/home/travis/build/shurunxuan/IGME750-DSEngine/src/DSEngine/Tower/BoardManager.h:13: warning: Member getInstance() (function) of class BoardManager is not documented.
/home/travis/build/shurunxuan/IGME750-DSEngine/src/DSEngine/Tower/BoardManager.h:17: warning: Member maxBrickPerColum (variable) of class BoardManager is not documented.
/home/travis/build/shurunxuan/IGME750-DSEngine/src/DSEngine/Tower/BoardManager.h:18: warning: Member brickHeight (variable) of class BoardManager is not documented.
/home/travis/build/shurunxuan/IGME750-DSEngine/src/DSEngine/Tower/BoardManager.h:20: warning: Member boardColums[3] (variable) of class BoardManager is not documented.
/home/travis/build/shurunxuan/IGME750-DSEngine/src/DSEngine/Tower/Brick.h:16: warning: Member Brick(Object *owner) (function) of class Brick is not documented.
/home/travis/build/shurunxuan/IGME750-DSEngine/src/DSEngine/Tower/Brick.h:24: warning: Member SetBrickColor(int) (function) of class Brick is not documented.
/home/travis/build/shurunxuan/IGME750-DSEngine/src/DSEngine/Tower/Brick.h:25: warning: Member OnPlaced() (function) of class Brick is not documented.
/home/travis/build/shurunxuan/IGME750-DSEngine/src/DSEngine/Tower/Brick.h:22: warning: Member color (variable) of class Brick is not documented.
/home/travis/build/shurunxuan/IGME750-DSEngine/src/DSEngine/Tower/BrickDeck.h:17: warning: Member OnDraw(Transform *transform) (function) of class BrickDeck is not documented.
/home/travis/build/shurunxuan/IGME750-DSEngine/src/DSEngine/Tower/BrickDeck.h:18: warning: Member InitDeck(Scene *scene) (function) of class BrickDeck is not documented.
/home/travis/build/shurunxuan/IGME750-DSEngine/src/DSEngine/Tower/BrickDeck.h:19: warning: Member CreateBrick(Scene *scene, BrickColor color, DirectX::XMVECTOR position) (function) of class BrickDeck is not documented.
/home/travis/build/shurunxuan/IGME750-DSEngine/src/DSEngine/Tower/BrickDeck.h:11: warning: Member getInstance() (function) of class BrickDeck is not documented.
/home/travis/build/shurunxuan/IGME750-DSEngine/src/DSEngine/Tower/BrickDeck.h:14: warning: Member bricks (variable) of class BrickDeck is not documented.
/home/travis/build/shurunxuan/IGME750-DSEngine/src/DSEngine/Tower/BoardManager.h:7: warning: Member bricks[3][3] (variable) of class BrickMatrix is not documented.
/home/travis/build/shurunxuan/IGME750-DSEngine/src/DSEngine/DSEngineTestProject/CameraController.h:12: warning: Member CameraController(Object *owner) (function) of class CameraController is not documented.
/home/travis/build/shurunxuan/IGME750-DSEngine/src/DSEngine/Tower/ChangeBrickMaterial.h:10: warning: Member ChangeBrickMaterial(Object *owner) (function) of class ChangeBrickMaterial is not documented.
/home/travis/build/shurunxuan/IGME750-DSEngine/src/DSEngine/Tower/CSVReader.h:28: warning: Member ReadFromFile(std::string _file) (function) of class CSVReader is not documented.
/home/travis/build/shurunxuan/IGME750-DSEngine/src/DSEngine/DSEngineFramework/DSFDirect3D.h:162: warning: argument 'sourceIndex' of command @param is not found in the argument list of DSFDirect3D::PostProcessing(PostProcessingMaterial *postProcessingMaterial)
/home/travis/build/shurunxuan/IGME750-DSEngine/src/DSEngine/DSEngineFramework/DSFDirect3D.h:162: warning: argument 'targetIndex' of command @param is not found in the argument list of DSFDirect3D::PostProcessing(PostProcessingMaterial *postProcessingMaterial)
/home/travis/build/shurunxuan/IGME750-DSEngine/src/DSEngine/DSEngineFramework/DSFDirect3D.h:162: warning: argument 'postProcessingVS' of command @param is not found in the argument list of DSFDirect3D::PostProcessing(PostProcessingMaterial *postProcessingMaterial)
/home/travis/build/shurunxuan/IGME750-DSEngine/src/DSEngine/DSEngineFramework/DSFDirect3D.h:162: warning: argument 'postProcessingPS' of command @param is not found in the argument list of DSFDirect3D::PostProcessing(PostProcessingMaterial *postProcessingMaterial)
/home/travis/build/shurunxuan/IGME750-DSEngine/src/DSEngine/DSEngineFramework/DSFDirect3D.h:167: warning: unexpected end of comment block while parsing the argument of command param
/home/travis/build/shurunxuan/IGME750-DSEngine/src/DSEngine/DSEngineFramework/DSFDirect3D.h:162: warning: The following parameters of DSFDirect3D::PostProcessing(PostProcessingMaterial *postProcessingMaterial) are not documented:
  parameter 'postProcessingMaterial'
/home/travis/build/shurunxuan/IGME750-DSEngine/src/DSEngine/Tower/FreeCam.h:8: warning: Member FreeCam(Object *owner) (function) of class FreeCam is not documented.
/home/travis/build/shurunxuan/IGME750-DSEngine/src/DSEngine/Tower/GameManager.h:24: warning: Member Update(GameState) (function) of class GameManager is not documented.
/home/travis/build/shurunxuan/IGME750-DSEngine/src/DSEngine/Tower/GameManager.h:25: warning: Member CheckTaskCompletion() (function) of class GameManager is not documented.
/home/travis/build/shurunxuan/IGME750-DSEngine/src/DSEngine/Tower/GameManager.h:22: warning: Member getInstance() (function) of class GameManager is not documented.
/home/travis/build/shurunxuan/IGME750-DSEngine/src/DSEngine/Tower/GameManager.h:23: warning: Member currentGameState (variable) of class GameManager is not documented.
/home/travis/build/shurunxuan/IGME750-DSEngine/src/DSEngine/Tower/GameManager.h:26: warning: Member selectedBrick (variable) of class GameManager is not documented.
/home/travis/build/shurunxuan/IGME750-DSEngine/src/DSEngine/Tower/GameManager.h:27: warning: Member ContinousDrawTask (variable) of class GameManager is not documented.
/home/travis/build/shurunxuan/IGME750-DSEngine/src/DSEngine/Tower/InputManager.h:8: warning: Member InputManager(Object *owner) (function) of class InputManager is not documented.
/home/travis/build/shurunxuan/IGME750-DSEngine/src/DSEngine/Tower/MoveObject.h:8: warning: Member MoveObject(Object *owner) (function) of class MoveObject is not documented.
/home/travis/build/shurunxuan/IGME750-DSEngine/src/DSEngine/Tower/MoveObject.h:14: warning: Member instance (variable) of class MoveObject is not documented.
/home/travis/build/shurunxuan/IGME750-DSEngine/src/DSEngine/DSEngineTestProject/MoveParentObject.h:14: warning: Member MoveParentObject(Object *owner) (function) of class MoveParentObject is not documented.
/home/travis/build/shurunxuan/IGME750-DSEngine/src/DSEngine/DSEngineCore/PBRMaterial.hpp:93: warning: Member parameters (variable) of class PBRMaterial is not documented.
/home/travis/build/shurunxuan/IGME750-DSEngine/src/DSEngine/DSEngineCore/PBRMaterial.hpp:116: warning: argument 'diffuseTexture' of command @param is not found in the argument list of PBRMaterial::LoadNormalTexture(const std::wstring &normalTexture)
/home/travis/build/shurunxuan/IGME750-DSEngine/src/DSEngine/DSEngineCore/PBRMaterial.hpp:116: warning: The following parameters of PBRMaterial::LoadNormalTexture(const std::wstring &normalTexture) are not documented:
  parameter 'normalTexture'
/home/travis/build/shurunxuan/IGME750-DSEngine/src/DSEngine/DSEngineCore/PBRMaterial.hpp:131: warning: argument 'diffuseTexture' of command @param is not found in the argument list of PBRMaterial::LoadNormalTexture(const std::string &normalTexture)
/home/travis/build/shurunxuan/IGME750-DSEngine/src/DSEngine/DSEngineCore/PBRMaterial.hpp:131: warning: The following parameters of PBRMaterial::LoadNormalTexture(const std::string &normalTexture) are not documented:
  parameter 'normalTexture'
/home/travis/build/shurunxuan/IGME750-DSEngine/src/DSEngine/Tower/PlayerManager.h:16: warning: Member AddTask(TaskCard task) (function) of class PlayerManager is not documented.
/home/travis/build/shurunxuan/IGME750-DSEngine/src/DSEngine/Tower/PlayerManager.h:17: warning: Member DrawTaskCard() (function) of class PlayerManager is not documented.
/home/travis/build/shurunxuan/IGME750-DSEngine/src/DSEngine/Tower/PlayerManager.h:18: warning: Member DrawBrick(Transform *transform) (function) of class PlayerManager is not documented.
/home/travis/build/shurunxuan/IGME750-DSEngine/src/DSEngine/Tower/PlayerManager.h:19: warning: Member UseBrick(Brick *usedBrick) (function) of class PlayerManager is not documented.
/home/travis/build/shurunxuan/IGME750-DSEngine/src/DSEngine/Tower/PlayerManager.h:20: warning: Member CompleteTask(std::vector< int > index) (function) of class PlayerManager is not documented.
/home/travis/build/shurunxuan/IGME750-DSEngine/src/DSEngine/Tower/PlayerManager.h:21: warning: Member UIUpdateHand() (function) of class PlayerManager is not documented.
/home/travis/build/shurunxuan/IGME750-DSEngine/src/DSEngine/Tower/PlayerManager.h:13: warning: Member getInstance() (function) of class PlayerManager is not documented.
/home/travis/build/shurunxuan/IGME750-DSEngine/src/DSEngine/Tower/PlayerManager.h:14: warning: Member tasksInHand (variable) of class PlayerManager is not documented.
/home/travis/build/shurunxuan/IGME750-DSEngine/src/DSEngine/Tower/PlayerManager.h:15: warning: Member bricksInHand (variable) of class PlayerManager is not documented.
/home/travis/build/shurunxuan/IGME750-DSEngine/src/DSEngine/Tower/PlayerManager.h:22: warning: Member playerHand (variable) of class PlayerManager is not documented.
/home/travis/build/shurunxuan/IGME750-DSEngine/src/DSEngine/Tower/PlayerManager.h:23: warning: Member taskPos[3] (variable) of class PlayerManager is not documented.
/home/travis/build/shurunxuan/IGME750-DSEngine/src/DSEngine/Tower/PlayerManager.h:24: warning: Member brickPositions[3] (variable) of class PlayerManager is not documented.
/home/travis/build/shurunxuan/IGME750-DSEngine/src/DSEngine/Tower/PlayerManager.h:25: warning: Member UItaskInHand[3] (variable) of class PlayerManager is not documented.
/home/travis/build/shurunxuan/IGME750-DSEngine/src/DSEngine/Tower/PlayerManager.h:26: warning: Member score (variable) of class PlayerManager is not documented.
/home/travis/build/shurunxuan/IGME750-DSEngine/src/DSEngine/Tower/PlayerManager.h:27: warning: Member taskCount (variable) of class PlayerManager is not documented.
/home/travis/build/shurunxuan/IGME750-DSEngine/src/DSEngine/DSEngineTestProject/PPDarkCornerMaterial.h:8: warning: Member PPDarkCornerMaterial(int sourceCount, std::vector< int > sourceIndices, int targetCount, std::vector< int > targetIndices, ID3D11Device *d) (function) of class PPDarkCornerMaterial is not documented.
/home/travis/build/shurunxuan/IGME750-DSEngine/src/DSEngine/DSEngineTestProject/PPDarkCornerMaterial.h:9: warning: Member PPDarkCornerMaterial(int sourceCount, std::vector< int > sourceIndices, int targetCount, std::vector< int > targetIndices, SimpleVertexShader *vtxShader, SimplePixelShader *pxlShader, ID3D11Device *d) (function) of class PPDarkCornerMaterial is not documented.
/home/travis/build/shurunxuan/IGME750-DSEngine/src/DSEngine/DSEngineTestProject/PPDarkCornerMaterial.h:16: warning: Member parameters (variable) of class PPDarkCornerMaterial is not documented.
/home/travis/build/shurunxuan/IGME750-DSEngine/src/DSEngine/DSEngineTestProject/PPDarkCornerMaterial.h:14: warning: Member intensity (variable) of class PPDarkCornerMaterial::DarkCornerParameters is not documented.
/home/travis/build/shurunxuan/IGME750-DSEngine/src/DSEngine/DSEngineTestProject/PPDarkCornerMaterial.h:15: warning: Member padding (variable) of class PPDarkCornerMaterial::DarkCornerParameters is not documented.
/home/travis/build/shurunxuan/IGME750-DSEngine/src/DSEngine/DSEngineTestProject/PPGaussianBlurMaterial.h:8: warning: Member PPGaussianBlurMaterial(int sourceCount, std::vector< int > sourceIndices, int targetCount, std::vector< int > targetIndices, ID3D11Device *d) (function) of class PPGaussianBlurMaterial is not documented.
/home/travis/build/shurunxuan/IGME750-DSEngine/src/DSEngine/DSEngineTestProject/PPGaussianBlurMaterial.h:9: warning: Member PPGaussianBlurMaterial(int sourceCount, std::vector< int > sourceIndices, int targetCount, std::vector< int > targetIndices, SimpleVertexShader *vtxShader, SimplePixelShader *pxlShader, ID3D11Device *d) (function) of class PPGaussianBlurMaterial is not documented.
/home/travis/build/shurunxuan/IGME750-DSEngine/src/DSEngine/DSEngineTestProject/PPGaussianBlurMaterial.h:15: warning: Member SetScreenSizePtr(int *width, int *height) (function) of class PPGaussianBlurMaterial is not documented.
/home/travis/build/shurunxuan/IGME750-DSEngine/src/DSEngine/DSEngineTestProject/PressSpaceToPlayAudio.h:16: warning: Member PressSpaceToPlayAudio(Object *owner) (function) of class PressSpaceToPlayAudio is not documented.
/home/travis/build/shurunxuan/IGME750-DSEngine/src/DSEngine/DSEngineTestProject/PressSpaceToPlayAudio.h:22: warning: Member source1 (variable) of class PressSpaceToPlayAudio is not documented.
/home/travis/build/shurunxuan/IGME750-DSEngine/src/DSEngine/DSEngineTestProject/PressSpaceToPlayAudio.h:23: warning: Member source2 (variable) of class PressSpaceToPlayAudio is not documented.
/home/travis/build/shurunxuan/IGME750-DSEngine/src/DSEngine/Tower/TaskCard.h:7: warning: Member TaskCard(TaskCardData) (function) of class TaskCard is not documented.
/home/travis/build/shurunxuan/IGME750-DSEngine/src/DSEngine/Tower/TaskCard.h:8: warning: Member GetColorValue() (function) of class TaskCard is not documented.
/home/travis/build/shurunxuan/IGME750-DSEngine/src/DSEngine/Tower/TaskCard.h:9: warning: Member GetTaskData() (function) of class TaskCard is not documented.
/home/travis/build/shurunxuan/IGME750-DSEngine/src/DSEngine/Tower/TaskCard.h:10: warning: Member OnCompleted() (function) of class TaskCard is not documented.
/home/travis/build/shurunxuan/IGME750-DSEngine/src/DSEngine/Tower/TaskCard.h:11: warning: Member isCompleted (variable) of class TaskCard is not documented.
/home/travis/build/shurunxuan/IGME750-DSEngine/src/DSEngine/Tower/CSVReader.h:20: warning: Member type (variable) of class TaskCardData is not documented.
/home/travis/build/shurunxuan/IGME750-DSEngine/src/DSEngine/Tower/CSVReader.h:21: warning: Member Score (variable) of class TaskCardData is not documented.
/home/travis/build/shurunxuan/IGME750-DSEngine/src/DSEngine/Tower/CSVReader.h:22: warning: Member pattern (variable) of class TaskCardData is not documented.
/home/travis/build/shurunxuan/IGME750-DSEngine/src/DSEngine/Tower/CSVReader.h:23: warning: Member color (variable) of class TaskCardData is not documented.
/home/travis/build/shurunxuan/IGME750-DSEngine/src/DSEngine/Tower/TaskCardGenerator.h:10: warning: Member AddTaskCard(Scene *scene, TaskCardData data, Transform *parent, std::string name="TaskCard") (function) of class TaskCardGenerator is not documented.
/home/travis/build/shurunxuan/IGME750-DSEngine/src/DSEngine/Tower/TaskDeck.h:12: warning: Member Shuffle() (function) of class TaskDeck is not documented.
/home/travis/build/shurunxuan/IGME750-DSEngine/src/DSEngine/Tower/TaskDeck.h:13: warning: Member InitDeck(Scene *scene) (function) of class TaskDeck is not documented.
/home/travis/build/shurunxuan/IGME750-DSEngine/src/DSEngine/Tower/TaskDeck.h:15: warning: Member DrawTask() (function) of class TaskDeck is not documented.
/home/travis/build/shurunxuan/IGME750-DSEngine/src/DSEngine/Tower/TaskDeck.h:10: warning: Member getInstance() (function) of class TaskDeck is not documented.
/home/travis/build/shurunxuan/IGME750-DSEngine/src/DSEngine/Tower/TaskDeck.h:11: warning: Member tasks (variable) of class TaskDeck is not documented.
/home/travis/build/shurunxuan/IGME750-DSEngine/src/DSEngine/Tower/TaskDeck.h:14: warning: Member scene (variable) of class TaskDeck is not documented.
/home/travis/build/shurunxuan/IGME750-DSEngine/src/DSEngine/Tower/TowerGameApp.h:23: warning: Member taskDeck (variable) of class TowerGameApp is not documented.
/home/travis/build/shurunxuan/IGME750-DSEngine/src/DSEngine/Tower/TowerGameApp.h:24: warning: Member brickDeck (variable) of class TowerGameApp is not documented.
/home/travis/build/shurunxuan/IGME750-DSEngine/src/DSEngine/Tower/TowerGameApp.h:25: warning: Member gameManager (variable) of class TowerGameApp is not documented.
/home/travis/build/shurunxuan/IGME750-DSEngine/src/DSEngine/Tower/TowerGameApp.h:26: warning: Member playerManager (variable) of class TowerGameApp is not documented.
/home/travis/build/shurunxuan/IGME750-DSEngine/src/DSEngine/Tower/TowerGameApp.h:27: warning: Member boardManager (variable) of class TowerGameApp is not documented.
/home/travis/build/shurunxuan/IGME750-DSEngine/src/DSEngine/Tower/UnlitMaterial.h:8: warning: Member UnlitMaterial(ID3D11Device *d) (function) of class UnlitMaterial is not documented.
/home/travis/build/shurunxuan/IGME750-DSEngine/src/DSEngine/Tower/UnlitMaterial.h:9: warning: Member UnlitMaterial(SimpleVertexShader *vtxShader, SimplePixelShader *pxlShader, ID3D11Device *d) (function) of class UnlitMaterial is not documented.
/home/travis/build/shurunxuan/IGME750-DSEngine/src/DSEngine/Tower/UnlitMaterial.h:15: warning: Member parameters (variable) of class UnlitMaterial is not documented.
/home/travis/build/shurunxuan/IGME750-DSEngine/src/DSEngine/Tower/UnlitMaterial.h:14: warning: Member Color (variable) of class UnlitMaterial::UnlitMaterialStruct is not documented.
unxuan/IGME750-DSEngine/src/DSEngine/DSEngineSystem/DSSAudio.h...
Generating docs for file /home/travis/build/shurunxuan/IGME750-DSEngine/src/DSEngine/DSEngineSystem/DSSInput.h...
Generating docs for file /home/travis/build/shurunxuan/IGME750-DSEngine/src/DSEngine/DSEngineSystem/DSSRendering.h...
Generating docs for file /home/travis/build/shurunxuan/IGME750-DSEngine/src/DSEngine/DSEngineTestProject/TestGameApp.h...
Generating page documentation...
Generating docs for page todo...
Generating group documentation...
Generating class documentation...
Generating docs for compound AudioListener...
Generating docs for compound AudioSource...
Generating docs for compound BoardColum...
Generating docs for compound BoardManager...
Generating docs for compound Brick...
Generating docs for compound BrickDeck...
Generating docs for compound BrickMatrix...
Generating docs for compound Camera...
Generating docs for compound CameraController...
Generating docs for compound ChangeBrickMaterial...
Generating docs for compound Component...
Generating docs for compound CSVReader...
Generating docs for compound DSEngineApp...
Generating docs for compound DSFDirect3D...
Generating docs for compound DSFFFmpeg...
Generating docs for compound DSFRawInput...
Generating docs for compound DSFThreadPool...
Generating docs for compound DSFVoiceCallback...
Generating docs for compound DSFXAudio2...
Generating docs for compound DSFXInput...
Generating docs for compound DSSAudio...
Generating docs for compound DSSInput...
Generating docs for compound DSSInputAxis...
Generating docs for compound DSSRendering...
Generating docs for compound FreeCam...
Generating docs for compound GameManager...
Generating docs for compound InputManager...
Generating docs for compound IXAudio2VoiceCallback...
Generating docs for compound Light...
Generating docs for compound LightData...
Generating docs for compound Material...
Generating docs for compound Mesh...
Generating docs for compound MeshRenderer...
Generating docs for compound MoveObject...
Generating docs for compound MoveParentObject...
Generating docs for compound Object...
Generating docs for compound PBRMaterial...
Generating docs for nested compound PBRMaterial::PBRMaterialStruct...
Generating docs for compound PlayerManager...
Generating docs for compound PostProcessingMaterial...
Generating docs for compound PPDarkCornerMaterial...
Generating docs for nested compound PPDarkCornerMaterial::DarkCornerParameters...
Generating docs for compound PPGaussianBlurMaterial...
Generating docs for compound PressSpaceToPlayAudio...
Generating docs for compound RacingGameApp...
Generating docs for compound Scene...
Generating docs for compound Skybox...
Generating docs for compound TaskCard...
Generating docs for compound TaskCardData...
Generating docs for compound TaskCardGenerator...
Generating docs for compound TaskDeck...
Generating docs for compound TestGameApp...
Generating docs for compound TowerGameApp...
Generating docs for compound Transform...
Generating docs for compound UnlitMaterial...
Generating docs for nested compound UnlitMaterial::UnlitMaterialStruct...
Generating docs for compound Vertex...
Generating namespace index...
Generating graph info page...
Generating directory documentation...
Generating dependency graph for directory /home/travis/build/shurunxuan/IGME750-DSEngine/src/DSEngine
Generating dependency graph for directory /home/travis/build/shurunxuan/IGME750-DSEngine/src/DSEngine/DSEngineCore
Generating dependency graph for directory /home/travis/build/shurunxuan/IGME750-DSEngine/src/DSEngine/DSEngineFramework
Generating dependency graph for directory /home/travis/build/shurunxuan/IGME750-DSEngine/src/DSEngine/DSEngineSystem
Generating dependency graph for directory /home/travis/build/shurunxuan/IGME750-DSEngine/src/DSEngine/DSEngineTestProject
Generating dependency graph for directory /home/travis/build/shurunxuan/IGME750-DSEngine/src/DSEngine/RacingGame
Generating dependency graph for directory /home/travis/build/shurunxuan/IGME750-DSEngine/src
Generating dependency graph for directory /home/travis/build/shurunxuan/IGME750-DSEngine/src/DSEngine/Tower
Generating index page...
Generating page index...
Generating module index...
Generating namespace index...
Generating namespace member index...
Generating annotated compound index...
Generating alphabetical compound index...
Generating hierarchical class index...
Generating graphical class hierarchy...
Generating member index...
Generating file index...
Generating file member index...
Generating example index...
finalizing index lists...
Running dot...
Generating dot graphs using 3 parallel threads...
Running dot for graph 1/163
Running dot for graph 2/163
Running dot for graph 3/163
Running dot for graph 4/163
Running dot for graph 5/163
Running dot for graph 6/163
Running dot for graph 7/163
Running dot for graph 8/163
Running dot for graph 9/163
Running dot for graph 10/163
Running dot for graph 11/163
Running dot for graph 12/163
Running dot for graph 13/163
Running dot for graph 14/163
Running dot for graph 15/163
Running dot for graph 16/163
Running dot for graph 17/163
Running dot for graph 18/163
Running dot for graph 19/163
Running dot for graph 20/163
Running dot for graph 21/163
Running dot for graph 22/163
Running dot for graph 23/163
Running dot for graph 24/163
Running dot for graph 25/163
Running dot for graph 26/163
Running dot for graph 27/163
Running dot for graph 28/163
Running dot for graph 29/163
Running dot for graph 30/163
Running dot for graph 31/163
Running dot for graph 32/163
Running dot for graph 33/163
Running dot for graph 34/163
Running dot for graph 35/163
Running dot for graph 36/163
Running dot for graph 37/163
Running dot for graph 38/163
Running dot for graph 39/163
Running dot for graph 40/163
Running dot for graph 41/163
Running dot for graph 42/163
Running dot for graph 43/163
Running dot for graph 44/163
Running dot for graph 45/163
Running dot for graph 46/163
Running dot for graph 47/163
Running dot for graph 48/163
Running dot for graph 49/163
Running dot for graph 50/163
Running dot for graph 51/163
Running dot for graph 52/163
Running dot for graph 53/163
Running dot for graph 54/163
Running dot for graph 55/163
Running dot for graph 56/163
Running dot for graph 57/163
Running dot for graph 58/163
Running dot for graph 59/163
Running dot for graph 60/163
Running dot for graph 61/163
Running dot for graph 62/163
Running dot for graph 63/163
Running dot for graph 64/163
Running dot for graph 65/163
Running dot for graph 66/163
Running dot for graph 67/163
Running dot for graph 68/163
Running dot for graph 69/163
Running dot for graph 70/163
Running dot for graph 71/163
Running dot for graph 72/163
Running dot for graph 73/163
Running dot for graph 74/163
Running dot for graph 75/163
Running dot for graph 76/163
Running dot for graph 77/163
Running dot for graph 78/163
Running dot for graph 79/163
Running dot for graph 80/163
Running dot for graph 81/163
Running dot for graph 82/163
Running dot for graph 83/163
Running dot for graph 84/163
Running dot for graph 85/163
Running dot for graph 86/163
Running dot for graph 87/163
Running dot for graph 88/163
Running dot for graph 89/163
Running dot for graph 90/163
Running dot for graph 91/163
Running dot for graph 92/163
Running dot for graph 93/163
Running dot for graph 94/163
Running dot for graph 95/163
Running dot for graph 96/163
Running dot for graph 97/163
Running dot for graph 98/163
Running dot for graph 99/163
Running dot for graph 100/163
Running dot for graph 101/163
Running dot for graph 102/163
Running dot for graph 103/163
Running dot for graph 104/163
Running dot for graph 105/163
Running dot for graph 106/163
Running dot for graph 107/163
Running dot for graph 108/163
Running dot for graph 109/163
Running dot for graph 110/163
Running dot for graph 111/163
Running dot for graph 112/163
Running dot for graph 113/163
Running dot for graph 114/163
Running dot for graph 115/163
Running dot for graph 116/163
Running dot for graph 117/163
Running dot for graph 118/163
Running dot for graph 119/163
Running dot for graph 120/163
Running dot for graph 121/163
Running dot for graph 122/163
Running dot for graph 123/163
Running dot for graph 124/163
Running dot for graph 125/163
Running dot for graph 126/163
Running dot for graph 127/163
Running dot for graph 128/163
Running dot for graph 129/163
Running dot for graph 130/163
Running dot for graph 131/163
Running dot for graph 132/163
Running dot for graph 133/163
Running dot for graph 134/163
Running dot for graph 135/163
Running dot for graph 136/163
Running dot for graph 137/163
Running dot for graph 138/163
Running dot for graph 139/163
Running dot for graph 140/163
Running dot for graph 141/163
Running dot for graph 142/163
Running dot for graph 143/163
Running dot for graph 144/163
Running dot for graph 145/163
Running dot for graph 146/163
Running dot for graph 147/163
Running dot for graph 148/163
Running dot for graph 149/163
Running dot for graph 150/163
Running dot for graph 151/163
Running dot for graph 152/163
Running dot for graph 153/163
Running dot for graph 154/163
Running dot for graph 155/163
Running dot for graph 156/163
Running dot for graph 157/163
Running dot for graph 158/163
Running dot for graph 159/163
Running dot for graph 160/163
Running dot for graph 161/163
Running dot for graph 162/163
Running dot for graph 163/163
Patching output file 1/78
Patching output file 2/78
Patching output file 3/78
Patching output file 4/78
Patching output file 5/78
Patching output file 6/78
Patching output file 7/78
Patching output file 8/78
Patching output file 9/78
Patching output file 10/78
Patching output file 11/78
Patching output file 12/78
Patching output file 13/78
Patching output file 14/78
Patching output file 15/78
Patching output file 16/78
Patching output file 17/78
Patching output file 18/78
Patching output file 19/78
Patching output file 20/78
Patching output file 21/78
Patching output file 22/78
Patching output file 23/78
Patching output file 24/78
Patching output file 25/78
Patching output file 26/78
Patching output file 27/78
Patching output file 28/78
Patching output file 29/78
Patching output file 30/78
Patching output file 31/78
Patching output file 32/78
Patching output file 33/78
Patching output file 34/78
Patching output file 35/78
Patching output file 36/78
Patching output file 37/78
Patching output file 38/78
Patching output file 39/78
Patching output file 40/78
Patching output file 41/78
Patching output file 42/78
Patching output file 43/78
Patching output file 44/78
Patching output file 45/78
Patching output file 46/78
Patching output file 47/78
Patching output file 48/78
Patching output file 49/78
Patching output file 50/78
Patching output file 51/78
Patching output file 52/78
Patching output file 53/78
Patching output file 54/78
Patching output file 55/78
Patching output file 56/78
Patching output file 57/78
Patching output file 58/78
Patching output file 59/78
Patching output file 60/78
Patching output file 61/78
Patching output file 62/78
Patching output file 63/78
Patching output file 64/78
Patching output file 65/78
Patching output file 66/78
Patching output file 67/78
Patching output file 68/78
Patching output file 69/78
Patching output file 70/78
Patching output file 71/78
Patching output file 72/78
Patching output file 73/78
Patching output file 74/78
Patching output file 75/78
Patching output file 76/78
Patching output file 77/78
Patching output file 78/78
lookup cache used 672/65536 hits=3271 misses=766
finished...
